{"/home/marcio.souza/projetos/repeat-please/repeat-please-api/app.js": {"path":"/home/marcio.souza/projetos/repeat-please/repeat-please-api/app.js","statementMap":{"0":{"start":{"line":1,"column":21},"end":{"line":1,"column":45}},"1":{"start":{"line":2,"column":16},"end":{"line":2,"column":34}},"2":{"start":{"line":3,"column":20},"end":{"line":3,"column":42}},"3":{"start":{"line":4,"column":15},"end":{"line":4,"column":32}},"4":{"start":{"line":5,"column":12},"end":{"line":5,"column":21}},"5":{"start":{"line":6,"column":15},"end":{"line":6,"column":31}},"6":{"start":{"line":7,"column":0},"end":{"line":7,"column":28}},"7":{"start":{"line":9,"column":0},"end":{"line":9,"column":23}},"8":{"start":{"line":10,"column":0},"end":{"line":10,"column":24}},"9":{"start":{"line":11,"column":0},"end":{"line":11,"column":49}},"10":{"start":{"line":12,"column":0},"end":{"line":12,"column":24}},"11":{"start":{"line":14,"column":0},"end":{"line":14,"column":57}},"12":{"start":{"line":17,"column":0},"end":{"line":19,"column":3}},"13":{"start":{"line":18,"column":2},"end":{"line":18,"column":25}},"14":{"start":{"line":22,"column":0},"end":{"line":31,"column":3}},"15":{"start":{"line":23,"column":2},"end":{"line":23,"column":35}},"16":{"start":{"line":24,"column":2},"end":{"line":24,"column":69}},"17":{"start":{"line":27,"column":2},"end":{"line":30,"column":5}},"18":{"start":{"line":33,"column":0},"end":{"line":33,"column":21}}},"fnMap":{"0":{"name":"(anonymous_0)","decl":{"start":{"line":17,"column":8},"end":{"line":17,"column":9}},"loc":{"start":{"line":17,"column":33},"end":{"line":19,"column":1}},"line":17},"1":{"name":"(anonymous_1)","decl":{"start":{"line":22,"column":8},"end":{"line":22,"column":9}},"loc":{"start":{"line":22,"column":32},"end":{"line":31,"column":1}},"line":22}},"branchMap":{"0":{"loc":{"start":{"line":24,"column":21},"end":{"line":24,"column":68}},"type":"cond-expr","locations":[{"start":{"line":24,"column":60},"end":{"line":24,"column":63}},{"start":{"line":24,"column":66},"end":{"line":24,"column":68}}],"line":24},"1":{"loc":{"start":{"line":27,"column":13},"end":{"line":27,"column":30}},"type":"binary-expr","locations":[{"start":{"line":27,"column":13},"end":{"line":27,"column":23}},{"start":{"line":27,"column":27},"end":{"line":27,"column":30}}],"line":27},"2":{"loc":{"start":{"line":28,"column":12},"end":{"line":28,"column":29}},"type":"binary-expr","locations":[{"start":{"line":28,"column":12},"end":{"line":28,"column":22}},{"start":{"line":28,"column":26},"end":{"line":28,"column":29}}],"line":28},"3":{"loc":{"start":{"line":29,"column":13},"end":{"line":29,"column":42}},"type":"binary-expr","locations":[{"start":{"line":29,"column":13},"end":{"line":29,"column":24}},{"start":{"line":29,"column":28},"end":{"line":29,"column":42}}],"line":29}},"s":{"0":3,"1":3,"2":3,"3":3,"4":3,"5":3,"6":3,"7":3,"8":3,"9":3,"10":3,"11":3,"12":3,"13":1,"14":3,"15":0,"16":0,"17":0,"18":3},"f":{"0":1,"1":0},"b":{"0":[0,0],"1":[0,0],"2":[0,0],"3":[0,0]},"_coverageSchema":"43e27e138ebf9cfc5966b082cf9a028302ed4184","hash":"f6ce8acff4cc195912331f3c2ef040a1bd63ad39"}
,"/home/marcio.souza/projetos/repeat-please/repeat-please-api/src/auth/authResponse.js": {"path":"/home/marcio.souza/projetos/repeat-please/repeat-please-api/src/auth/authResponse.js","statementMap":{"0":{"start":{"line":1,"column":0},"end":{"line":15,"column":2}},"1":{"start":{"line":9,"column":4},"end":{"line":14,"column":7}}},"fnMap":{"0":{"name":"(anonymous_0)","decl":{"start":{"line":1,"column":17},"end":{"line":1,"column":18}},"loc":{"start":{"line":8,"column":9},"end":{"line":15,"column":1}},"line":8}},"branchMap":{"0":{"loc":{"start":{"line":4,"column":4},"end":{"line":4,"column":16}},"type":"default-arg","locations":[{"start":{"line":4,"column":13},"end":{"line":4,"column":16}}],"line":4},"1":{"loc":{"start":{"line":5,"column":4},"end":{"line":5,"column":16}},"type":"default-arg","locations":[{"start":{"line":5,"column":11},"end":{"line":5,"column":16}}],"line":5},"2":{"loc":{"start":{"line":6,"column":4},"end":{"line":6,"column":16}},"type":"default-arg","locations":[{"start":{"line":6,"column":12},"end":{"line":6,"column":16}}],"line":6},"3":{"loc":{"start":{"line":7,"column":4},"end":{"line":7,"column":15}},"type":"default-arg","locations":[{"start":{"line":7,"column":11},"end":{"line":7,"column":15}}],"line":7}},"s":{"0":3,"1":0},"f":{"0":0},"b":{"0":[0],"1":[0],"2":[0],"3":[0]},"_coverageSchema":"43e27e138ebf9cfc5966b082cf9a028302ed4184","hash":"39052fb36796f5683ad32b83f1498ddef27fd400"}
,"/home/marcio.souza/projetos/repeat-please/repeat-please-api/src/auth/login.js": {"path":"/home/marcio.souza/projetos/repeat-please/repeat-please-api/src/auth/login.js","statementMap":{"0":{"start":{"line":1,"column":15},"end":{"line":1,"column":34}},"1":{"start":{"line":2,"column":14},"end":{"line":2,"column":38}},"2":{"start":{"line":3,"column":13},"end":{"line":3,"column":38}},"3":{"start":{"line":4,"column":17},"end":{"line":4,"column":46}},"4":{"start":{"line":5,"column":18},"end":{"line":5,"column":48}},"5":{"start":{"line":6,"column":16},"end":{"line":6,"column":50}},"6":{"start":{"line":8,"column":14},"end":{"line":35,"column":6}},"7":{"start":{"line":8,"column":35},"end":{"line":35,"column":6}},"8":{"start":{"line":9,"column":8},"end":{"line":34,"column":11}},"9":{"start":{"line":11,"column":12},"end":{"line":13,"column":13}},"10":{"start":{"line":12,"column":16},"end":{"line":12,"column":66}},"11":{"start":{"line":15,"column":12},"end":{"line":17,"column":13}},"12":{"start":{"line":16,"column":16},"end":{"line":16,"column":67}},"13":{"start":{"line":19,"column":12},"end":{"line":21,"column":13}},"14":{"start":{"line":20,"column":16},"end":{"line":20,"column":71}},"15":{"start":{"line":23,"column":30},"end":{"line":23,"column":73}},"16":{"start":{"line":25,"column":12},"end":{"line":27,"column":13}},"17":{"start":{"line":26,"column":16},"end":{"line":26,"column":66}},"18":{"start":{"line":29,"column":12},"end":{"line":33,"column":15}},"19":{"start":{"line":30,"column":33},"end":{"line":30,"column":51}},"20":{"start":{"line":32,"column":16},"end":{"line":32,"column":70}},"21":{"start":{"line":37,"column":0},"end":{"line":37,"column":23}}},"fnMap":{"0":{"name":"(anonymous_0)","decl":{"start":{"line":8,"column":14},"end":{"line":8,"column":15}},"loc":{"start":{"line":8,"column":35},"end":{"line":35,"column":6}},"line":8},"1":{"name":"(anonymous_1)","decl":{"start":{"line":8,"column":47},"end":{"line":8,"column":48}},"loc":{"start":{"line":8,"column":68},"end":{"line":35,"column":5}},"line":8},"2":{"name":"(anonymous_2)","decl":{"start":{"line":9,"column":32},"end":{"line":9,"column":33}},"loc":{"start":{"line":9,"column":49},"end":{"line":34,"column":9}},"line":9},"3":{"name":"(anonymous_3)","decl":{"start":{"line":30,"column":18},"end":{"line":30,"column":19}},"loc":{"start":{"line":30,"column":33},"end":{"line":30,"column":51}},"line":30},"4":{"name":"(anonymous_4)","decl":{"start":{"line":31,"column":19},"end":{"line":31,"column":20}},"loc":{"start":{"line":31,"column":35},"end":{"line":33,"column":13}},"line":31}},"branchMap":{"0":{"loc":{"start":{"line":11,"column":12},"end":{"line":13,"column":13}},"type":"if","locations":[{"start":{"line":11,"column":12},"end":{"line":13,"column":13}},{"start":{"line":11,"column":12},"end":{"line":13,"column":13}}],"line":11},"1":{"loc":{"start":{"line":15,"column":12},"end":{"line":17,"column":13}},"type":"if","locations":[{"start":{"line":15,"column":12},"end":{"line":17,"column":13}},{"start":{"line":15,"column":12},"end":{"line":17,"column":13}}],"line":15},"2":{"loc":{"start":{"line":19,"column":12},"end":{"line":21,"column":13}},"type":"if","locations":[{"start":{"line":19,"column":12},"end":{"line":21,"column":13}},{"start":{"line":19,"column":12},"end":{"line":21,"column":13}}],"line":19},"3":{"loc":{"start":{"line":25,"column":12},"end":{"line":27,"column":13}},"type":"if","locations":[{"start":{"line":25,"column":12},"end":{"line":27,"column":13}},{"start":{"line":25,"column":12},"end":{"line":27,"column":13}}],"line":25}},"s":{"0":3,"1":3,"2":3,"3":3,"4":3,"5":3,"6":3,"7":1,"8":1,"9":0,"10":0,"11":0,"12":0,"13":0,"14":0,"15":0,"16":0,"17":0,"18":0,"19":0,"20":0,"21":3},"f":{"0":1,"1":1,"2":0,"3":0,"4":0},"b":{"0":[0,0],"1":[0,0],"2":[0,0],"3":[0,0]},"_coverageSchema":"43e27e138ebf9cfc5966b082cf9a028302ed4184","hash":"3e97a4ac1e1703b060c255d601c5e7184d7a9383"}
,"/home/marcio.souza/projetos/repeat-please/repeat-please-api/src/auth/register.js": {"path":"/home/marcio.souza/projetos/repeat-please/repeat-please-api/src/auth/register.js","statementMap":{"0":{"start":{"line":1,"column":15},"end":{"line":1,"column":42}},"1":{"start":{"line":2,"column":15},"end":{"line":2,"column":34}},"2":{"start":{"line":3,"column":14},"end":{"line":3,"column":32}},"3":{"start":{"line":4,"column":13},"end":{"line":4,"column":38}},"4":{"start":{"line":5,"column":18},"end":{"line":5,"column":48}},"5":{"start":{"line":6,"column":16},"end":{"line":6,"column":50}},"6":{"start":{"line":8,"column":17},"end":{"line":40,"column":1}},"7":{"start":{"line":10,"column":4},"end":{"line":39,"column":7}},"8":{"start":{"line":12,"column":8},"end":{"line":14,"column":9}},"9":{"start":{"line":13,"column":12},"end":{"line":13,"column":70}},"10":{"start":{"line":16,"column":8},"end":{"line":18,"column":9}},"11":{"start":{"line":17,"column":12},"end":{"line":17,"column":67}},"12":{"start":{"line":20,"column":8},"end":{"line":38,"column":11}},"13":{"start":{"line":22,"column":12},"end":{"line":24,"column":13}},"14":{"start":{"line":23,"column":16},"end":{"line":23,"column":72}},"15":{"start":{"line":26,"column":12},"end":{"line":37,"column":15}},"16":{"start":{"line":32,"column":16},"end":{"line":32,"column":79}},"17":{"start":{"line":32,"column":29},"end":{"line":32,"column":79}},"18":{"start":{"line":34,"column":16},"end":{"line":36,"column":72}},"19":{"start":{"line":35,"column":37},"end":{"line":35,"column":55}},"20":{"start":{"line":36,"column":29},"end":{"line":36,"column":70}},"21":{"start":{"line":42,"column":0},"end":{"line":42,"column":26}}},"fnMap":{"0":{"name":"(anonymous_0)","decl":{"start":{"line":8,"column":17},"end":{"line":8,"column":18}},"loc":{"start":{"line":8,"column":49},"end":{"line":40,"column":1}},"line":8},"1":{"name":"(anonymous_1)","decl":{"start":{"line":10,"column":23},"end":{"line":10,"column":24}},"loc":{"start":{"line":10,"column":44},"end":{"line":39,"column":5}},"line":10},"2":{"name":"(anonymous_2)","decl":{"start":{"line":20,"column":49},"end":{"line":20,"column":50}},"loc":{"start":{"line":20,"column":78},"end":{"line":38,"column":9}},"line":20},"3":{"name":"(anonymous_3)","decl":{"start":{"line":30,"column":15},"end":{"line":30,"column":16}},"loc":{"start":{"line":30,"column":34},"end":{"line":37,"column":13}},"line":30},"4":{"name":"(anonymous_4)","decl":{"start":{"line":35,"column":22},"end":{"line":35,"column":23}},"loc":{"start":{"line":35,"column":37},"end":{"line":35,"column":55}},"line":35},"5":{"name":"(anonymous_5)","decl":{"start":{"line":36,"column":23},"end":{"line":36,"column":24}},"loc":{"start":{"line":36,"column":29},"end":{"line":36,"column":70}},"line":36}},"branchMap":{"0":{"loc":{"start":{"line":8,"column":25},"end":{"line":8,"column":34}},"type":"default-arg","locations":[{"start":{"line":8,"column":32},"end":{"line":8,"column":34}}],"line":8},"1":{"loc":{"start":{"line":12,"column":8},"end":{"line":14,"column":9}},"type":"if","locations":[{"start":{"line":12,"column":8},"end":{"line":14,"column":9}},{"start":{"line":12,"column":8},"end":{"line":14,"column":9}}],"line":12},"2":{"loc":{"start":{"line":16,"column":8},"end":{"line":18,"column":9}},"type":"if","locations":[{"start":{"line":16,"column":8},"end":{"line":18,"column":9}},{"start":{"line":16,"column":8},"end":{"line":18,"column":9}}],"line":16},"3":{"loc":{"start":{"line":22,"column":12},"end":{"line":24,"column":13}},"type":"if","locations":[{"start":{"line":22,"column":12},"end":{"line":24,"column":13}},{"start":{"line":22,"column":12},"end":{"line":24,"column":13}}],"line":22},"4":{"loc":{"start":{"line":32,"column":16},"end":{"line":32,"column":79}},"type":"if","locations":[{"start":{"line":32,"column":16},"end":{"line":32,"column":79}},{"start":{"line":32,"column":16},"end":{"line":32,"column":79}}],"line":32}},"s":{"0":3,"1":3,"2":3,"3":3,"4":3,"5":3,"6":3,"7":1,"8":1,"9":0,"10":1,"11":0,"12":1,"13":1,"14":0,"15":1,"16":0,"17":0,"18":0,"19":0,"20":0,"21":3},"f":{"0":1,"1":1,"2":1,"3":0,"4":0,"5":0},"b":{"0":[0],"1":[0,1],"2":[0,1],"3":[0,1],"4":[0,0]},"_coverageSchema":"43e27e138ebf9cfc5966b082cf9a028302ed4184","hash":"ff54ec45f0a3075f7fe9a2511f05f9ca80b7f0b1"}
,"/home/marcio.souza/projetos/repeat-please/repeat-please-api/src/auth/token.js": {"path":"/home/marcio.souza/projetos/repeat-please/repeat-please-api/src/auth/token.js","statementMap":{"0":{"start":{"line":1,"column":12},"end":{"line":1,"column":35}},"1":{"start":{"line":2,"column":15},"end":{"line":2,"column":42}},"2":{"start":{"line":4,"column":0},"end":{"line":17,"column":2}},"3":{"start":{"line":5,"column":18},"end":{"line":9,"column":5}},"4":{"start":{"line":11,"column":4},"end":{"line":16,"column":7}},"5":{"start":{"line":12,"column":6},"end":{"line":14,"column":7}},"6":{"start":{"line":13,"column":10},"end":{"line":13,"column":25}},"7":{"start":{"line":15,"column":6},"end":{"line":15,"column":51}}},"fnMap":{"0":{"name":"(anonymous_0)","decl":{"start":{"line":4,"column":17},"end":{"line":4,"column":18}},"loc":{"start":{"line":4,"column":63},"end":{"line":17,"column":1}},"line":4},"1":{"name":"(anonymous_1)","decl":{"start":{"line":11,"column":23},"end":{"line":11,"column":24}},"loc":{"start":{"line":11,"column":44},"end":{"line":16,"column":5}},"line":11}},"branchMap":{"0":{"loc":{"start":{"line":4,"column":26},"end":{"line":4,"column":58}},"type":"default-arg","locations":[{"start":{"line":4,"column":38},"end":{"line":4,"column":58}}],"line":4},"1":{"loc":{"start":{"line":12,"column":6},"end":{"line":14,"column":7}},"type":"if","locations":[{"start":{"line":12,"column":6},"end":{"line":14,"column":7}},{"start":{"line":12,"column":6},"end":{"line":14,"column":7}}],"line":12}},"s":{"0":3,"1":3,"2":3,"3":0,"4":0,"5":0,"6":0,"7":0},"f":{"0":0,"1":0},"b":{"0":[0],"1":[0,0]},"_coverageSchema":"43e27e138ebf9cfc5966b082cf9a028302ed4184","hash":"b84c7267c6bb11d229bba92734e8f1b91d4e4595"}
,"/home/marcio.souza/projetos/repeat-please/repeat-please-api/src/auth/user.js": {"path":"/home/marcio.souza/projetos/repeat-please/repeat-please-api/src/auth/user.js","statementMap":{"0":{"start":{"line":1,"column":13},"end":{"line":1,"column":38}},"1":{"start":{"line":2,"column":17},"end":{"line":2,"column":46}},"2":{"start":{"line":4,"column":0},"end":{"line":13,"column":3}},"3":{"start":{"line":4,"column":29},"end":{"line":13,"column":2}},"4":{"start":{"line":7,"column":4},"end":{"line":12,"column":11}},"5":{"start":{"line":8,"column":8},"end":{"line":10,"column":9}},"6":{"start":{"line":9,"column":12},"end":{"line":9,"column":63}},"7":{"start":{"line":11,"column":8},"end":{"line":11,"column":29}}},"fnMap":{"0":{"name":"(anonymous_0)","decl":{"start":{"line":4,"column":17},"end":{"line":4,"column":18}},"loc":{"start":{"line":4,"column":29},"end":{"line":13,"column":2}},"line":4},"1":{"name":"(anonymous_1)","decl":{"start":{"line":6,"column":20},"end":{"line":6,"column":21}},"loc":{"start":{"line":6,"column":37},"end":{"line":13,"column":1}},"line":6},"2":{"name":"(anonymous_2)","decl":{"start":{"line":7,"column":23},"end":{"line":7,"column":24}},"loc":{"start":{"line":7,"column":44},"end":{"line":12,"column":9}},"line":7}},"branchMap":{"0":{"loc":{"start":{"line":8,"column":8},"end":{"line":10,"column":9}},"type":"if","locations":[{"start":{"line":8,"column":8},"end":{"line":10,"column":9}},{"start":{"line":8,"column":8},"end":{"line":10,"column":9}}],"line":8}},"s":{"0":3,"1":3,"2":3,"3":0,"4":0,"5":0,"6":0,"7":0},"f":{"0":0,"1":0,"2":0},"b":{"0":[0,0]},"_coverageSchema":"43e27e138ebf9cfc5966b082cf9a028302ed4184","hash":"2e71c7a87f9899a47a8124bce3aabe6bc36b46cf"}
,"/home/marcio.souza/projetos/repeat-please/repeat-please-api/src/config/config.js": {"path":"/home/marcio.souza/projetos/repeat-please/repeat-please-api/src/config/config.js","statementMap":{"0":{"start":{"line":1,"column":0},"end":{"line":24,"column":2}}},"fnMap":{},"branchMap":{"0":{"loc":{"start":{"line":2,"column":10},"end":{"line":2,"column":34}},"type":"binary-expr","locations":[{"start":{"line":2,"column":10},"end":{"line":2,"column":26}},{"start":{"line":2,"column":30},"end":{"line":2,"column":34}}],"line":2},"1":{"loc":{"start":{"line":3,"column":17},"end":{"line":3,"column":38}},"type":"binary-expr","locations":[{"start":{"line":3,"column":17},"end":{"line":3,"column":32}},{"start":{"line":3,"column":36},"end":{"line":3,"column":38}}],"line":3},"2":{"loc":{"start":{"line":5,"column":14},"end":{"line":5,"column":63}},"type":"binary-expr","locations":[{"start":{"line":5,"column":14},"end":{"line":5,"column":39}},{"start":{"line":5,"column":43},"end":{"line":5,"column":63}}],"line":5},"3":{"loc":{"start":{"line":6,"column":16},"end":{"line":6,"column":61}},"type":"binary-expr","locations":[{"start":{"line":6,"column":16},"end":{"line":6,"column":43}},{"start":{"line":6,"column":47},"end":{"line":6,"column":61}}],"line":6},"4":{"loc":{"start":{"line":8,"column":8},"end":{"line":8,"column":77}},"type":"binary-expr","locations":[{"start":{"line":8,"column":8},"end":{"line":8,"column":32}},{"start":{"line":8,"column":36},"end":{"line":8,"column":77}}],"line":8},"5":{"loc":{"start":{"line":10,"column":14},"end":{"line":10,"column":45}},"type":"binary-expr","locations":[{"start":{"line":10,"column":14},"end":{"line":10,"column":39}},{"start":{"line":10,"column":43},"end":{"line":10,"column":45}}],"line":10},"6":{"loc":{"start":{"line":11,"column":14},"end":{"line":11,"column":45}},"type":"binary-expr","locations":[{"start":{"line":11,"column":14},"end":{"line":11,"column":39}},{"start":{"line":11,"column":43},"end":{"line":11,"column":45}}],"line":11},"7":{"loc":{"start":{"line":13,"column":8},"end":{"line":13,"column":50}},"type":"binary-expr","locations":[{"start":{"line":13,"column":8},"end":{"line":13,"column":41}},{"start":{"line":13,"column":45},"end":{"line":13,"column":50}}],"line":13},"8":{"loc":{"start":{"line":20,"column":16},"end":{"line":20,"column":46}},"type":"binary-expr","locations":[{"start":{"line":20,"column":16},"end":{"line":20,"column":34}},{"start":{"line":20,"column":38},"end":{"line":20,"column":46}}],"line":20}},"s":{"0":4},"f":{},"b":{"0":[4,0],"1":[4,4],"2":[4,4],"3":[4,4],"4":[4,0],"5":[4,4],"6":[4,4],"7":[4,4],"8":[4,0]},"_coverageSchema":"43e27e138ebf9cfc5966b082cf9a028302ed4184","hash":"107baab7402a9d28372fc5ecd5f22e920a715a35"}
,"/home/marcio.souza/projetos/repeat-please/repeat-please-api/src/controllers/authControllers.js": {"path":"/home/marcio.souza/projetos/repeat-please/repeat-please-api/src/controllers/authControllers.js","statementMap":{"0":{"start":{"line":1,"column":17},"end":{"line":1,"column":44}},"1":{"start":{"line":2,"column":14},"end":{"line":2,"column":38}},"2":{"start":{"line":3,"column":13},"end":{"line":3,"column":36}},"3":{"start":{"line":4,"column":16},"end":{"line":4,"column":47}},"4":{"start":{"line":6,"column":0},"end":{"line":24,"column":2}},"5":{"start":{"line":7,"column":4},"end":{"line":23,"column":11}},"6":{"start":{"line":13,"column":12},"end":{"line":13,"column":54}},"7":{"start":{"line":16,"column":25},"end":{"line":20,"column":13}},"8":{"start":{"line":17,"column":36},"end":{"line":17,"column":62}},"9":{"start":{"line":18,"column":36},"end":{"line":18,"column":62}},"10":{"start":{"line":19,"column":33},"end":{"line":19,"column":68}},"11":{"start":{"line":22,"column":12},"end":{"line":22,"column":75}},"12":{"start":{"line":26,"column":0},"end":{"line":44,"column":2}},"13":{"start":{"line":27,"column":4},"end":{"line":43,"column":7}},"14":{"start":{"line":32,"column":8},"end":{"line":32,"column":53}},"15":{"start":{"line":35,"column":21},"end":{"line":40,"column":9}},"16":{"start":{"line":36,"column":32},"end":{"line":36,"column":58}},"17":{"start":{"line":37,"column":32},"end":{"line":37,"column":58}},"18":{"start":{"line":38,"column":32},"end":{"line":38,"column":58}},"19":{"start":{"line":39,"column":29},"end":{"line":39,"column":64}},"20":{"start":{"line":42,"column":8},"end":{"line":42,"column":71}},"21":{"start":{"line":46,"column":0},"end":{"line":61,"column":2}},"22":{"start":{"line":47,"column":4},"end":{"line":60,"column":7}},"23":{"start":{"line":49,"column":22},"end":{"line":49,"column":51}},"24":{"start":{"line":51,"column":8},"end":{"line":51,"column":66}},"25":{"start":{"line":54,"column":21},"end":{"line":57,"column":9}},"26":{"start":{"line":55,"column":32},"end":{"line":55,"column":58}},"27":{"start":{"line":56,"column":29},"end":{"line":56,"column":64}},"28":{"start":{"line":59,"column":8},"end":{"line":59,"column":71}},"29":{"start":{"line":63,"column":0},"end":{"line":63,"column":72}},"30":{"start":{"line":63,"column":38},"end":{"line":63,"column":71}}},"fnMap":{"0":{"name":"(anonymous_0)","decl":{"start":{"line":6,"column":26},"end":{"line":6,"column":27}},"loc":{"start":{"line":6,"column":40},"end":{"line":24,"column":1}},"line":6},"1":{"name":"(anonymous_1)","decl":{"start":{"line":12,"column":14},"end":{"line":12,"column":15}},"loc":{"start":{"line":12,"column":25},"end":{"line":14,"column":9}},"line":12},"2":{"name":"(anonymous_2)","decl":{"start":{"line":15,"column":15},"end":{"line":15,"column":16}},"loc":{"start":{"line":15,"column":26},"end":{"line":23,"column":9}},"line":15},"3":{"name":"(anonymous_3)","decl":{"start":{"line":17,"column":23},"end":{"line":17,"column":24}},"loc":{"start":{"line":17,"column":36},"end":{"line":17,"column":62}},"line":17},"4":{"name":"(anonymous_4)","decl":{"start":{"line":18,"column":23},"end":{"line":18,"column":24}},"loc":{"start":{"line":18,"column":36},"end":{"line":18,"column":62}},"line":18},"5":{"name":"(anonymous_5)","decl":{"start":{"line":19,"column":27},"end":{"line":19,"column":28}},"loc":{"start":{"line":19,"column":33},"end":{"line":19,"column":68}},"line":19},"6":{"name":"(anonymous_6)","decl":{"start":{"line":26,"column":23},"end":{"line":26,"column":24}},"loc":{"start":{"line":26,"column":37},"end":{"line":44,"column":1}},"line":26},"7":{"name":"(anonymous_7)","decl":{"start":{"line":31,"column":10},"end":{"line":31,"column":11}},"loc":{"start":{"line":31,"column":21},"end":{"line":33,"column":5}},"line":31},"8":{"name":"(anonymous_8)","decl":{"start":{"line":34,"column":11},"end":{"line":34,"column":12}},"loc":{"start":{"line":34,"column":22},"end":{"line":43,"column":5}},"line":34},"9":{"name":"(anonymous_9)","decl":{"start":{"line":36,"column":19},"end":{"line":36,"column":20}},"loc":{"start":{"line":36,"column":32},"end":{"line":36,"column":58}},"line":36},"10":{"name":"(anonymous_10)","decl":{"start":{"line":37,"column":19},"end":{"line":37,"column":20}},"loc":{"start":{"line":37,"column":32},"end":{"line":37,"column":58}},"line":37},"11":{"name":"(anonymous_11)","decl":{"start":{"line":38,"column":19},"end":{"line":38,"column":20}},"loc":{"start":{"line":38,"column":32},"end":{"line":38,"column":58}},"line":38},"12":{"name":"(anonymous_12)","decl":{"start":{"line":39,"column":23},"end":{"line":39,"column":24}},"loc":{"start":{"line":39,"column":29},"end":{"line":39,"column":64}},"line":39},"13":{"name":"(anonymous_13)","decl":{"start":{"line":46,"column":22},"end":{"line":46,"column":23}},"loc":{"start":{"line":46,"column":36},"end":{"line":61,"column":1}},"line":46},"14":{"name":"(anonymous_14)","decl":{"start":{"line":48,"column":10},"end":{"line":48,"column":11}},"loc":{"start":{"line":48,"column":27},"end":{"line":52,"column":5}},"line":48},"15":{"name":"(anonymous_15)","decl":{"start":{"line":53,"column":11},"end":{"line":53,"column":12}},"loc":{"start":{"line":53,"column":22},"end":{"line":60,"column":5}},"line":53},"16":{"name":"(anonymous_16)","decl":{"start":{"line":55,"column":19},"end":{"line":55,"column":20}},"loc":{"start":{"line":55,"column":32},"end":{"line":55,"column":58}},"line":55},"17":{"name":"(anonymous_17)","decl":{"start":{"line":56,"column":23},"end":{"line":56,"column":24}},"loc":{"start":{"line":56,"column":29},"end":{"line":56,"column":64}},"line":56},"18":{"name":"(anonymous_18)","decl":{"start":{"line":63,"column":24},"end":{"line":63,"column":25}},"loc":{"start":{"line":63,"column":38},"end":{"line":63,"column":71}},"line":63}},"branchMap":{"0":{"loc":{"start":{"line":22,"column":13},"end":{"line":22,"column":58}},"type":"binary-expr","locations":[{"start":{"line":22,"column":13},"end":{"line":22,"column":42}},{"start":{"line":22,"column":46},"end":{"line":22,"column":58}}],"line":22},"1":{"loc":{"start":{"line":42,"column":9},"end":{"line":42,"column":54}},"type":"binary-expr","locations":[{"start":{"line":42,"column":9},"end":{"line":42,"column":38}},{"start":{"line":42,"column":42},"end":{"line":42,"column":54}}],"line":42},"2":{"loc":{"start":{"line":59,"column":9},"end":{"line":59,"column":54}},"type":"binary-expr","locations":[{"start":{"line":59,"column":9},"end":{"line":59,"column":38}},{"start":{"line":59,"column":42},"end":{"line":59,"column":54}}],"line":59}},"s":{"0":3,"1":3,"2":3,"3":3,"4":3,"5":1,"6":0,"7":0,"8":0,"9":0,"10":0,"11":0,"12":3,"13":1,"14":0,"15":0,"16":0,"17":0,"18":0,"19":0,"20":0,"21":3,"22":0,"23":0,"24":0,"25":0,"26":0,"27":0,"28":0,"29":3,"30":0},"f":{"0":1,"1":0,"2":0,"3":0,"4":0,"5":0,"6":1,"7":0,"8":0,"9":0,"10":0,"11":0,"12":0,"13":0,"14":0,"15":0,"16":0,"17":0,"18":0},"b":{"0":[0,0],"1":[0,0],"2":[0,0]},"_coverageSchema":"43e27e138ebf9cfc5966b082cf9a028302ed4184","hash":"385e3b3dd88b733bccd35d135c947d804546f3eb"}
,"/home/marcio.souza/projetos/repeat-please/repeat-please-api/src/controllers/githubControllers.js": {"path":"/home/marcio.souza/projetos/repeat-please/repeat-please-api/src/controllers/githubControllers.js","statementMap":{"0":{"start":{"line":1,"column":22},"end":{"line":1,"column":65}},"1":{"start":{"line":3,"column":0},"end":{"line":22,"column":2}},"2":{"start":{"line":4,"column":4},"end":{"line":21,"column":7}},"3":{"start":{"line":6,"column":8},"end":{"line":6,"column":35}},"4":{"start":{"line":9,"column":21},"end":{"line":18,"column":9}},"5":{"start":{"line":10,"column":28},"end":{"line":10,"column":61}},"6":{"start":{"line":11,"column":28},"end":{"line":11,"column":61}},"7":{"start":{"line":12,"column":28},"end":{"line":12,"column":61}},"8":{"start":{"line":13,"column":28},"end":{"line":13,"column":61}},"9":{"start":{"line":14,"column":28},"end":{"line":14,"column":61}},"10":{"start":{"line":16,"column":25},"end":{"line":17,"column":54}},"11":{"start":{"line":20,"column":8},"end":{"line":20,"column":63}}},"fnMap":{"0":{"name":"(anonymous_0)","decl":{"start":{"line":3,"column":28},"end":{"line":3,"column":29}},"loc":{"start":{"line":3,"column":42},"end":{"line":22,"column":1}},"line":3},"1":{"name":"(anonymous_1)","decl":{"start":{"line":5,"column":10},"end":{"line":5,"column":11}},"loc":{"start":{"line":5,"column":20},"end":{"line":7,"column":5}},"line":5},"2":{"name":"(anonymous_2)","decl":{"start":{"line":8,"column":11},"end":{"line":8,"column":12}},"loc":{"start":{"line":8,"column":22},"end":{"line":21,"column":5}},"line":8},"3":{"name":"(anonymous_3)","decl":{"start":{"line":10,"column":19},"end":{"line":10,"column":20}},"loc":{"start":{"line":10,"column":28},"end":{"line":10,"column":61}},"line":10},"4":{"name":"(anonymous_4)","decl":{"start":{"line":11,"column":19},"end":{"line":11,"column":20}},"loc":{"start":{"line":11,"column":28},"end":{"line":11,"column":61}},"line":11},"5":{"name":"(anonymous_5)","decl":{"start":{"line":12,"column":19},"end":{"line":12,"column":20}},"loc":{"start":{"line":12,"column":28},"end":{"line":12,"column":61}},"line":12},"6":{"name":"(anonymous_6)","decl":{"start":{"line":13,"column":19},"end":{"line":13,"column":20}},"loc":{"start":{"line":13,"column":28},"end":{"line":13,"column":61}},"line":13},"7":{"name":"(anonymous_7)","decl":{"start":{"line":14,"column":19},"end":{"line":14,"column":20}},"loc":{"start":{"line":14,"column":28},"end":{"line":14,"column":61}},"line":14},"8":{"name":"(anonymous_8)","decl":{"start":{"line":16,"column":16},"end":{"line":16,"column":17}},"loc":{"start":{"line":16,"column":25},"end":{"line":17,"column":54}},"line":16}},"branchMap":{"0":{"loc":{"start":{"line":16,"column":36},"end":{"line":16,"column":53}},"type":"binary-expr","locations":[{"start":{"line":16,"column":36},"end":{"line":16,"column":46}},{"start":{"line":16,"column":50},"end":{"line":16,"column":53}}],"line":16},"1":{"loc":{"start":{"line":17,"column":22},"end":{"line":17,"column":53}},"type":"binary-expr","locations":[{"start":{"line":17,"column":22},"end":{"line":17,"column":33}},{"start":{"line":17,"column":37},"end":{"line":17,"column":53}}],"line":17},"2":{"loc":{"start":{"line":20,"column":9},"end":{"line":20,"column":54}},"type":"binary-expr","locations":[{"start":{"line":20,"column":9},"end":{"line":20,"column":38}},{"start":{"line":20,"column":42},"end":{"line":20,"column":54}}],"line":20}},"s":{"0":3,"1":3,"2":1,"3":1,"4":0,"5":0,"6":0,"7":0,"8":0,"9":0,"10":0,"11":0},"f":{"0":1,"1":1,"2":0,"3":0,"4":0,"5":0,"6":0,"7":0,"8":0},"b":{"0":[0,0],"1":[0,0],"2":[0,0]},"_coverageSchema":"43e27e138ebf9cfc5966b082cf9a028302ed4184","hash":"cee4e5c5e236db0d59d19e0b503b50d569797dd6"}
,"/home/marcio.souza/projetos/repeat-please/repeat-please-api/src/db/mongoURL.js": {"path":"/home/marcio.souza/projetos/repeat-please/repeat-please-api/src/db/mongoURL.js","statementMap":{"0":{"start":{"line":1,"column":15},"end":{"line":1,"column":42}},"1":{"start":{"line":2,"column":21},"end":{"line":2,"column":43}},"2":{"start":{"line":4,"column":0},"end":{"line":20,"column":2}},"3":{"start":{"line":11,"column":26},"end":{"line":15,"column":5}},"4":{"start":{"line":17,"column":16},"end":{"line":17,"column":62}},"5":{"start":{"line":19,"column":4},"end":{"line":19,"column":68}},"6":{"start":{"line":19,"column":44},"end":{"line":19,"column":66}}},"fnMap":{"0":{"name":"(anonymous_0)","decl":{"start":{"line":4,"column":17},"end":{"line":4,"column":18}},"loc":{"start":{"line":9,"column":9},"end":{"line":20,"column":1}},"line":9},"1":{"name":"(anonymous_1)","decl":{"start":{"line":19,"column":31},"end":{"line":19,"column":32}},"loc":{"start":{"line":19,"column":44},"end":{"line":19,"column":66}},"line":19}},"branchMap":{"0":{"loc":{"start":{"line":5,"column":4},"end":{"line":5,"column":25}},"type":"default-arg","locations":[{"start":{"line":5,"column":13},"end":{"line":5,"column":25}}],"line":5},"1":{"loc":{"start":{"line":6,"column":4},"end":{"line":6,"column":15}},"type":"default-arg","locations":[{"start":{"line":6,"column":13},"end":{"line":6,"column":15}}],"line":6},"2":{"loc":{"start":{"line":7,"column":4},"end":{"line":7,"column":15}},"type":"default-arg","locations":[{"start":{"line":7,"column":13},"end":{"line":7,"column":15}}],"line":7},"3":{"loc":{"start":{"line":8,"column":4},"end":{"line":8,"column":15}},"type":"default-arg","locations":[{"start":{"line":8,"column":13},"end":{"line":8,"column":15}}],"line":8}},"s":{"0":4,"1":4,"2":4,"3":5,"4":5,"5":5,"6":4},"f":{"0":5,"1":4},"b":{"0":[0],"1":[0],"2":[0],"3":[0]},"_coverageSchema":"43e27e138ebf9cfc5966b082cf9a028302ed4184","hash":"bdb943b5806791197788e3f6a189b438cc2811ef"}
,"/home/marcio.souza/projetos/repeat-please/repeat-please-api/src/db/mongodb.js": {"path":"/home/marcio.souza/projetos/repeat-please/repeat-please-api/src/db/mongodb.js","statementMap":{"0":{"start":{"line":1,"column":15},"end":{"line":1,"column":42}},"1":{"start":{"line":2,"column":17},"end":{"line":2,"column":38}},"2":{"start":{"line":3,"column":17},"end":{"line":3,"column":36}},"3":{"start":{"line":6,"column":0},"end":{"line":11,"column":5}},"4":{"start":{"line":13,"column":19},"end":{"line":35,"column":1}},"5":{"start":{"line":14,"column":4},"end":{"line":34,"column":7}},"6":{"start":{"line":15,"column":8},"end":{"line":33,"column":11}},"7":{"start":{"line":19,"column":12},"end":{"line":32,"column":13}},"8":{"start":{"line":20,"column":38},"end":{"line":23,"column":21}},"9":{"start":{"line":25,"column":16},"end":{"line":27,"column":59}},"10":{"start":{"line":26,"column":35},"end":{"line":26,"column":51}},"11":{"start":{"line":27,"column":39},"end":{"line":27,"column":57}},"12":{"start":{"line":28,"column":19},"end":{"line":32,"column":13}},"13":{"start":{"line":29,"column":16},"end":{"line":29,"column":30}},"14":{"start":{"line":31,"column":16},"end":{"line":31,"column":50}},"15":{"start":{"line":37,"column":0},"end":{"line":41,"column":6}}},"fnMap":{"0":{"name":"(anonymous_0)","decl":{"start":{"line":13,"column":19},"end":{"line":13,"column":20}},"loc":{"start":{"line":13,"column":57},"end":{"line":35,"column":1}},"line":13},"1":{"name":"(anonymous_1)","decl":{"start":{"line":14,"column":23},"end":{"line":14,"column":24}},"loc":{"start":{"line":14,"column":44},"end":{"line":34,"column":5}},"line":14},"2":{"name":"(anonymous_2)","decl":{"start":{"line":18,"column":11},"end":{"line":18,"column":12}},"loc":{"start":{"line":18,"column":22},"end":{"line":33,"column":9}},"line":18},"3":{"name":"(anonymous_3)","decl":{"start":{"line":26,"column":22},"end":{"line":26,"column":23}},"loc":{"start":{"line":26,"column":35},"end":{"line":26,"column":51}},"line":26},"4":{"name":"(anonymous_4)","decl":{"start":{"line":27,"column":23},"end":{"line":27,"column":24}},"loc":{"start":{"line":27,"column":39},"end":{"line":27,"column":57}},"line":27}},"branchMap":{"0":{"loc":{"start":{"line":13,"column":33},"end":{"line":13,"column":52}},"type":"default-arg","locations":[{"start":{"line":13,"column":47},"end":{"line":13,"column":52}}],"line":13},"1":{"loc":{"start":{"line":19,"column":12},"end":{"line":32,"column":13}},"type":"if","locations":[{"start":{"line":19,"column":12},"end":{"line":32,"column":13}},{"start":{"line":19,"column":12},"end":{"line":32,"column":13}}],"line":19},"2":{"loc":{"start":{"line":19,"column":16},"end":{"line":19,"column":36}},"type":"binary-expr","locations":[{"start":{"line":19,"column":16},"end":{"line":19,"column":21}},{"start":{"line":19,"column":25},"end":{"line":19,"column":36}}],"line":19},"3":{"loc":{"start":{"line":28,"column":19},"end":{"line":32,"column":13}},"type":"if","locations":[{"start":{"line":28,"column":19},"end":{"line":32,"column":13}},{"start":{"line":28,"column":19},"end":{"line":32,"column":13}}],"line":28}},"s":{"0":3,"1":3,"2":3,"3":3,"4":3,"5":3,"6":3,"7":1,"8":0,"9":0,"10":0,"11":0,"12":1,"13":1,"14":0,"15":3},"f":{"0":3,"1":3,"2":1,"3":0,"4":0},"b":{"0":[0],"1":[0,1],"2":[1,1],"3":[1,0]},"_coverageSchema":"43e27e138ebf9cfc5966b082cf9a028302ed4184","hash":"1dfd47d257f42116f303edd01237749337d48440"}
,"/home/marcio.souza/projetos/repeat-please/repeat-please-api/src/errors/AppError.js": {"path":"/home/marcio.souza/projetos/repeat-please/repeat-please-api/src/errors/AppError.js","statementMap":{"0":{"start":{"line":1,"column":0},"end":{"line":8,"column":2}},"1":{"start":{"line":3,"column":8},"end":{"line":3,"column":23}},"2":{"start":{"line":4,"column":8},"end":{"line":4,"column":42}},"3":{"start":{"line":5,"column":8},"end":{"line":5,"column":56}},"4":{"start":{"line":6,"column":8},"end":{"line":6,"column":36}}},"fnMap":{"0":{"name":"(anonymous_0)","decl":{"start":{"line":2,"column":4},"end":{"line":2,"column":5}},"loc":{"start":{"line":2,"column":33},"end":{"line":7,"column":5}},"line":2}},"branchMap":{"0":{"loc":{"start":{"line":6,"column":22},"end":{"line":6,"column":35}},"type":"binary-expr","locations":[{"start":{"line":6,"column":22},"end":{"line":6,"column":28}},{"start":{"line":6,"column":32},"end":{"line":6,"column":35}}],"line":6}},"s":{"0":3,"1":0,"2":0,"3":0,"4":0},"f":{"0":0},"b":{"0":[0,0]},"_coverageSchema":"43e27e138ebf9cfc5966b082cf9a028302ed4184","hash":"98d37b4015e4af015a2900507b762980d7abd353"}
,"/home/marcio.souza/projetos/repeat-please/repeat-please-api/src/errors/AuthError.js": {"path":"/home/marcio.souza/projetos/repeat-please/repeat-please-api/src/errors/AuthError.js","statementMap":{"0":{"start":{"line":1,"column":0},"end":{"line":8,"column":2}},"1":{"start":{"line":3,"column":8},"end":{"line":3,"column":23}},"2":{"start":{"line":4,"column":8},"end":{"line":4,"column":42}},"3":{"start":{"line":5,"column":8},"end":{"line":5,"column":56}},"4":{"start":{"line":6,"column":8},"end":{"line":6,"column":36}}},"fnMap":{"0":{"name":"(anonymous_0)","decl":{"start":{"line":2,"column":4},"end":{"line":2,"column":5}},"loc":{"start":{"line":2,"column":33},"end":{"line":7,"column":5}},"line":2}},"branchMap":{"0":{"loc":{"start":{"line":6,"column":22},"end":{"line":6,"column":35}},"type":"binary-expr","locations":[{"start":{"line":6,"column":22},"end":{"line":6,"column":28}},{"start":{"line":6,"column":32},"end":{"line":6,"column":35}}],"line":6}},"s":{"0":3,"1":0,"2":0,"3":0,"4":0},"f":{"0":0},"b":{"0":[0,0]},"_coverageSchema":"43e27e138ebf9cfc5966b082cf9a028302ed4184","hash":"cafb5d1074329ab5d5e4c2106cbea817daa5a75f"}
,"/home/marcio.souza/projetos/repeat-please/repeat-please-api/src/errors/DatabaseError.js": {"path":"/home/marcio.souza/projetos/repeat-please/repeat-please-api/src/errors/DatabaseError.js","statementMap":{"0":{"start":{"line":1,"column":0},"end":{"line":8,"column":2}},"1":{"start":{"line":3,"column":8},"end":{"line":3,"column":23}},"2":{"start":{"line":4,"column":8},"end":{"line":4,"column":42}},"3":{"start":{"line":5,"column":8},"end":{"line":5,"column":56}},"4":{"start":{"line":6,"column":8},"end":{"line":6,"column":36}}},"fnMap":{"0":{"name":"(anonymous_0)","decl":{"start":{"line":2,"column":4},"end":{"line":2,"column":5}},"loc":{"start":{"line":2,"column":33},"end":{"line":7,"column":5}},"line":2}},"branchMap":{"0":{"loc":{"start":{"line":6,"column":22},"end":{"line":6,"column":35}},"type":"binary-expr","locations":[{"start":{"line":6,"column":22},"end":{"line":6,"column":28}},{"start":{"line":6,"column":32},"end":{"line":6,"column":35}}],"line":6}},"s":{"0":3,"1":0,"2":0,"3":0,"4":0},"f":{"0":0},"b":{"0":[0,0]},"_coverageSchema":"43e27e138ebf9cfc5966b082cf9a028302ed4184","hash":"e480641bc83c10348a9b525b5a49a83b3310ad23"}
,"/home/marcio.souza/projetos/repeat-please/repeat-please-api/src/integration/github/githubIntegration.js": {"path":"/home/marcio.souza/projetos/repeat-please/repeat-please-api/src/integration/github/githubIntegration.js","statementMap":{"0":{"start":{"line":1,"column":16},"end":{"line":1,"column":34}},"1":{"start":{"line":2,"column":20},"end":{"line":2,"column":65}},"2":{"start":{"line":3,"column":22},"end":{"line":3,"column":48}},"3":{"start":{"line":5,"column":13},"end":{"line":33,"column":1}},"4":{"start":{"line":7,"column":16},"end":{"line":7,"column":43}},"5":{"start":{"line":9,"column":4},"end":{"line":32,"column":7}},"6":{"start":{"line":10,"column":31},"end":{"line":29,"column":9}},"7":{"start":{"line":11,"column":12},"end":{"line":28,"column":13}},"8":{"start":{"line":12,"column":16},"end":{"line":17,"column":18}},"9":{"start":{"line":14,"column":51},"end":{"line":16,"column":44}},"10":{"start":{"line":19,"column":34},"end":{"line":19,"column":50}},"11":{"start":{"line":20,"column":38},"end":{"line":25,"column":17}},"12":{"start":{"line":27,"column":16},"end":{"line":27,"column":38}},"13":{"start":{"line":31,"column":8},"end":{"line":31,"column":52}},"14":{"start":{"line":35,"column":0},"end":{"line":35,"column":26}}},"fnMap":{"0":{"name":"(anonymous_0)","decl":{"start":{"line":5,"column":13},"end":{"line":5,"column":14}},"loc":{"start":{"line":5,"column":38},"end":{"line":33,"column":1}},"line":5},"1":{"name":"(anonymous_1)","decl":{"start":{"line":9,"column":23},"end":{"line":9,"column":24}},"loc":{"start":{"line":9,"column":44},"end":{"line":32,"column":5}},"line":9},"2":{"name":"(anonymous_2)","decl":{"start":{"line":10,"column":31},"end":{"line":10,"column":32}},"loc":{"start":{"line":10,"column":58},"end":{"line":29,"column":9}},"line":10},"3":{"name":"(anonymous_3)","decl":{"start":{"line":14,"column":20},"end":{"line":14,"column":21}},"loc":{"start":{"line":14,"column":51},"end":{"line":16,"column":44}},"line":14}},"branchMap":{"0":{"loc":{"start":{"line":11,"column":12},"end":{"line":28,"column":13}},"type":"if","locations":[{"start":{"line":11,"column":12},"end":{"line":28,"column":13}},{"start":{"line":11,"column":12},"end":{"line":28,"column":13}}],"line":11},"1":{"loc":{"start":{"line":11,"column":16},"end":{"line":11,"column":53}},"type":"binary-expr","locations":[{"start":{"line":11,"column":16},"end":{"line":11,"column":22}},{"start":{"line":11,"column":26},"end":{"line":11,"column":53}}],"line":11},"2":{"loc":{"start":{"line":14,"column":51},"end":{"line":16,"column":44}},"type":"cond-expr","locations":[{"start":{"line":15,"column":22},"end":{"line":15,"column":40}},{"start":{"line":16,"column":22},"end":{"line":16,"column":44}}],"line":14},"3":{"loc":{"start":{"line":21,"column":29},"end":{"line":23,"column":43}},"type":"cond-expr","locations":[{"start":{"line":22,"column":22},"end":{"line":22,"column":61}},{"start":{"line":23,"column":22},"end":{"line":23,"column":43}}],"line":21},"4":{"loc":{"start":{"line":24,"column":28},"end":{"line":24,"column":54}},"type":"binary-expr","locations":[{"start":{"line":24,"column":28},"end":{"line":24,"column":47}},{"start":{"line":24,"column":51},"end":{"line":24,"column":54}}],"line":24}},"s":{"0":3,"1":3,"2":3,"3":3,"4":1,"5":1,"6":1,"7":1,"8":1,"9":1,"10":0,"11":0,"12":0,"13":1,"14":3},"f":{"0":1,"1":1,"2":1,"3":1},"b":{"0":[1,0],"1":[1,1],"2":[0,1],"3":[0,0],"4":[0,0]},"_coverageSchema":"43e27e138ebf9cfc5966b082cf9a028302ed4184","hash":"f9473b6177cd8b0a29e284c82c50668542649694"}
,"/home/marcio.souza/projetos/repeat-please/repeat-please-api/src/integration/github/githubOptions.js": {"path":"/home/marcio.souza/projetos/repeat-please/repeat-please-api/src/integration/github/githubOptions.js","statementMap":{"0":{"start":{"line":1,"column":15},"end":{"line":1,"column":45}},"1":{"start":{"line":2,"column":23},"end":{"line":2,"column":36}},"2":{"start":{"line":4,"column":16},"end":{"line":13,"column":2}},"3":{"start":{"line":4,"column":26},"end":{"line":13,"column":1}},"4":{"start":{"line":15,"column":0},"end":{"line":15,"column":25}}},"fnMap":{"0":{"name":"(anonymous_0)","decl":{"start":{"line":4,"column":16},"end":{"line":4,"column":17}},"loc":{"start":{"line":4,"column":26},"end":{"line":13,"column":1}},"line":4}},"branchMap":{},"s":{"0":3,"1":3,"2":3,"3":1,"4":3},"f":{"0":1},"b":{},"_coverageSchema":"43e27e138ebf9cfc5966b082cf9a028302ed4184","hash":"9a17461a8811c3f39cc81161d37213343b840be2"}
,"/home/marcio.souza/projetos/repeat-please/repeat-please-api/src/middlewares/verifyToken.js": {"path":"/home/marcio.souza/projetos/repeat-please/repeat-please-api/src/middlewares/verifyToken.js","statementMap":{"0":{"start":{"line":1,"column":15},"end":{"line":1,"column":42}},"1":{"start":{"line":2,"column":12},"end":{"line":2,"column":35}},"2":{"start":{"line":4,"column":20},"end":{"line":29,"column":1}},"3":{"start":{"line":5,"column":18},"end":{"line":5,"column":47}},"4":{"start":{"line":7,"column":4},"end":{"line":13,"column":5}},"5":{"start":{"line":8,"column":8},"end":{"line":12,"column":11}},"6":{"start":{"line":15,"column":23},"end":{"line":15,"column":35}},"7":{"start":{"line":17,"column":4},"end":{"line":28,"column":7}},"8":{"start":{"line":18,"column":8},"end":{"line":24,"column":9}},"9":{"start":{"line":19,"column":12},"end":{"line":23,"column":15}},"10":{"start":{"line":26,"column":8},"end":{"line":26,"column":32}},"11":{"start":{"line":27,"column":8},"end":{"line":27,"column":15}},"12":{"start":{"line":31,"column":0},"end":{"line":31,"column":29}}},"fnMap":{"0":{"name":"(anonymous_0)","decl":{"start":{"line":4,"column":20},"end":{"line":4,"column":21}},"loc":{"start":{"line":4,"column":40},"end":{"line":29,"column":1}},"line":4},"1":{"name":"(anonymous_1)","decl":{"start":{"line":17,"column":30},"end":{"line":17,"column":31}},"loc":{"start":{"line":17,"column":50},"end":{"line":28,"column":5}},"line":17}},"branchMap":{"0":{"loc":{"start":{"line":7,"column":4},"end":{"line":13,"column":5}},"type":"if","locations":[{"start":{"line":7,"column":4},"end":{"line":13,"column":5}},{"start":{"line":7,"column":4},"end":{"line":13,"column":5}}],"line":7},"1":{"loc":{"start":{"line":18,"column":8},"end":{"line":24,"column":9}},"type":"if","locations":[{"start":{"line":18,"column":8},"end":{"line":24,"column":9}},{"start":{"line":18,"column":8},"end":{"line":24,"column":9}}],"line":18}},"s":{"0":3,"1":3,"2":3,"3":0,"4":0,"5":0,"6":0,"7":0,"8":0,"9":0,"10":0,"11":0,"12":3},"f":{"0":0,"1":0},"b":{"0":[0,0],"1":[0,0]},"_coverageSchema":"43e27e138ebf9cfc5966b082cf9a028302ed4184","hash":"c07393f08a213a8a672ef306e006610ba9a9c6d0"}
,"/home/marcio.souza/projetos/repeat-please/repeat-please-api/src/models/user.js": {"path":"/home/marcio.souza/projetos/repeat-please/repeat-please-api/src/models/user.js","statementMap":{"0":{"start":{"line":1,"column":17},"end":{"line":1,"column":36}},"1":{"start":{"line":2,"column":18},"end":{"line":2,"column":38}},"2":{"start":{"line":4,"column":13},"end":{"line":26,"column":2}},"3":{"start":{"line":16,"column":12},"end":{"line":18,"column":13}},"4":{"start":{"line":17,"column":16},"end":{"line":17,"column":52}},"5":{"start":{"line":28,"column":0},"end":{"line":28,"column":22}}},"fnMap":{"0":{"name":"(anonymous_0)","decl":{"start":{"line":15,"column":8},"end":{"line":15,"column":9}},"loc":{"start":{"line":15,"column":24},"end":{"line":19,"column":9}},"line":15}},"branchMap":{"0":{"loc":{"start":{"line":16,"column":12},"end":{"line":18,"column":13}},"type":"if","locations":[{"start":{"line":16,"column":12},"end":{"line":18,"column":13}},{"start":{"line":16,"column":12},"end":{"line":18,"column":13}}],"line":16}},"s":{"0":3,"1":3,"2":3,"3":2,"4":0,"5":3},"f":{"0":2},"b":{"0":[0,2]},"_coverageSchema":"43e27e138ebf9cfc5966b082cf9a028302ed4184","hash":"9d9b631d611a38ac84b6ee3bc69dbfdedbccb269"}
,"/home/marcio.souza/projetos/repeat-please/repeat-please-api/src/parse/github/githubRepoParse.js": {"path":"/home/marcio.souza/projetos/repeat-please/repeat-please-api/src/parse/github/githubRepoParse.js","statementMap":{"0":{"start":{"line":1,"column":0},"end":{"line":20,"column":2}},"1":{"start":{"line":2,"column":24},"end":{"line":12,"column":6}},"2":{"start":{"line":2,"column":38},"end":{"line":12,"column":5}},"3":{"start":{"line":14,"column":4},"end":{"line":19,"column":5}},"4":{"start":{"line":15,"column":8},"end":{"line":15,"column":48}},"5":{"start":{"line":17,"column":8},"end":{"line":17,"column":27}},"6":{"start":{"line":18,"column":8},"end":{"line":18,"column":30}}},"fnMap":{"0":{"name":"(anonymous_0)","decl":{"start":{"line":1,"column":17},"end":{"line":1,"column":18}},"loc":{"start":{"line":1,"column":37},"end":{"line":20,"column":1}},"line":1},"1":{"name":"(anonymous_1)","decl":{"start":{"line":2,"column":24},"end":{"line":2,"column":25}},"loc":{"start":{"line":2,"column":38},"end":{"line":12,"column":5}},"line":2}},"branchMap":{},"s":{"0":3,"1":1,"2":1,"3":1,"4":1,"5":0,"6":0},"f":{"0":1,"1":1},"b":{},"_coverageSchema":"43e27e138ebf9cfc5966b082cf9a028302ed4184","hash":"3d23f8a396c68be6060ecd3d8868ac80272fa95d"}
,"/home/marcio.souza/projetos/repeat-please/repeat-please-api/src/routes/auth.js": {"path":"/home/marcio.souza/projetos/repeat-please/repeat-please-api/src/routes/auth.js","statementMap":{"0":{"start":{"line":1,"column":16},"end":{"line":1,"column":34}},"1":{"start":{"line":2,"column":15},"end":{"line":2,"column":31}},"2":{"start":{"line":3,"column":19},"end":{"line":3,"column":41}},"3":{"start":{"line":4,"column":23},"end":{"line":4,"column":64}},"4":{"start":{"line":5,"column":20},"end":{"line":5,"column":57}},"5":{"start":{"line":6,"column":13},"end":{"line":6,"column":37}},"6":{"start":{"line":8,"column":0},"end":{"line":8,"column":55}},"7":{"start":{"line":9,"column":0},"end":{"line":9,"column":30}},"8":{"start":{"line":11,"column":0},"end":{"line":11,"column":63}},"9":{"start":{"line":11,"column":30},"end":{"line":11,"column":61}},"10":{"start":{"line":12,"column":0},"end":{"line":12,"column":50}},"11":{"start":{"line":13,"column":0},"end":{"line":13,"column":44}},"12":{"start":{"line":14,"column":0},"end":{"line":14,"column":46}},"13":{"start":{"line":15,"column":0},"end":{"line":15,"column":54}},"14":{"start":{"line":17,"column":0},"end":{"line":17,"column":24}}},"fnMap":{"0":{"name":"(anonymous_0)","decl":{"start":{"line":11,"column":16},"end":{"line":11,"column":17}},"loc":{"start":{"line":11,"column":30},"end":{"line":11,"column":61}},"line":11}},"branchMap":{},"s":{"0":3,"1":3,"2":3,"3":3,"4":3,"5":3,"6":3,"7":3,"8":3,"9":1,"10":3,"11":3,"12":3,"13":3,"14":3},"f":{"0":1},"b":{},"_coverageSchema":"43e27e138ebf9cfc5966b082cf9a028302ed4184","hash":"573992609f6755b42ce658fa029aed27d7240989"}
,"/home/marcio.souza/projetos/repeat-please/repeat-please-api/src/routes/github.js": {"path":"/home/marcio.souza/projetos/repeat-please/repeat-please-api/src/routes/github.js","statementMap":{"0":{"start":{"line":1,"column":16},"end":{"line":1,"column":34}},"1":{"start":{"line":2,"column":15},"end":{"line":2,"column":31}},"2":{"start":{"line":3,"column":25},"end":{"line":3,"column":68}},"3":{"start":{"line":4,"column":13},"end":{"line":4,"column":37}},"4":{"start":{"line":7,"column":0},"end":{"line":7,"column":61}},"5":{"start":{"line":7,"column":30},"end":{"line":7,"column":59}},"6":{"start":{"line":9,"column":0},"end":{"line":9,"column":61}},"7":{"start":{"line":11,"column":0},"end":{"line":11,"column":24}}},"fnMap":{"0":{"name":"(anonymous_0)","decl":{"start":{"line":7,"column":16},"end":{"line":7,"column":17}},"loc":{"start":{"line":7,"column":30},"end":{"line":7,"column":59}},"line":7}},"branchMap":{},"s":{"0":3,"1":3,"2":3,"3":3,"4":3,"5":0,"6":3,"7":3},"f":{"0":0},"b":{},"_coverageSchema":"43e27e138ebf9cfc5966b082cf9a028302ed4184","hash":"42e39fcab2e1bc02ccdcbde046bca2108bb4a701"}
,"/home/marcio.souza/projetos/repeat-please/repeat-please-api/src/routes/index.js": {"path":"/home/marcio.souza/projetos/repeat-please/repeat-please-api/src/routes/index.js","statementMap":{"0":{"start":{"line":1,"column":16},"end":{"line":1,"column":34}},"1":{"start":{"line":2,"column":15},"end":{"line":2,"column":31}},"2":{"start":{"line":3,"column":13},"end":{"line":3,"column":37}},"3":{"start":{"line":5,"column":0},"end":{"line":5,"column":67}},"4":{"start":{"line":5,"column":30},"end":{"line":5,"column":65}},"5":{"start":{"line":6,"column":0},"end":{"line":6,"column":39}},"6":{"start":{"line":7,"column":0},"end":{"line":7,"column":43}},"7":{"start":{"line":9,"column":0},"end":{"line":9,"column":24}}},"fnMap":{"0":{"name":"(anonymous_0)","decl":{"start":{"line":5,"column":16},"end":{"line":5,"column":17}},"loc":{"start":{"line":5,"column":30},"end":{"line":5,"column":65}},"line":5}},"branchMap":{},"s":{"0":3,"1":3,"2":3,"3":3,"4":1,"5":3,"6":3,"7":3},"f":{"0":1},"b":{},"_coverageSchema":"43e27e138ebf9cfc5966b082cf9a028302ed4184","hash":"1c91cb9a6931ad0031191b0fe9a3104d562bc32b"}
,"/home/marcio.souza/projetos/repeat-please/repeat-please-api/src/services/github/githubService.js": {"path":"/home/marcio.souza/projetos/repeat-please/repeat-please-api/src/services/github/githubService.js","statementMap":{"0":{"start":{"line":1,"column":26},"end":{"line":1,"column":79}},"1":{"start":{"line":3,"column":19},"end":{"line":11,"column":2}},"2":{"start":{"line":3,"column":35},"end":{"line":11,"column":2}},"3":{"start":{"line":4,"column":4},"end":{"line":10,"column":7}},"4":{"start":{"line":6,"column":8},"end":{"line":6,"column":30}},"5":{"start":{"line":9,"column":8},"end":{"line":9,"column":22}},"6":{"start":{"line":13,"column":0},"end":{"line":13,"column":32}}},"fnMap":{"0":{"name":"(anonymous_0)","decl":{"start":{"line":3,"column":19},"end":{"line":3,"column":20}},"loc":{"start":{"line":3,"column":35},"end":{"line":11,"column":2}},"line":3},"1":{"name":"(anonymous_1)","decl":{"start":{"line":3,"column":47},"end":{"line":3,"column":48}},"loc":{"start":{"line":3,"column":68},"end":{"line":11,"column":1}},"line":3},"2":{"name":"(anonymous_2)","decl":{"start":{"line":5,"column":9},"end":{"line":5,"column":10}},"loc":{"start":{"line":5,"column":27},"end":{"line":7,"column":5}},"line":5},"3":{"name":"(anonymous_3)","decl":{"start":{"line":8,"column":10},"end":{"line":8,"column":11}},"loc":{"start":{"line":8,"column":21},"end":{"line":10,"column":5}},"line":8}},"branchMap":{},"s":{"0":3,"1":3,"2":1,"3":1,"4":1,"5":0,"6":3},"f":{"0":1,"1":1,"2":1,"3":0},"b":{},"_coverageSchema":"43e27e138ebf9cfc5966b082cf9a028302ed4184","hash":"db15d94d09aefc4a73e84e9dda2021f4455b879a"}
,"/home/marcio.souza/projetos/repeat-please/repeat-please-api/src/utils/checkRequiredsFields.js": {"path":"/home/marcio.souza/projetos/repeat-please/repeat-please-api/src/utils/checkRequiredsFields.js","statementMap":{"0":{"start":{"line":1,"column":0},"end":{"line":6,"column":2}},"1":{"start":{"line":2,"column":28},"end":{"line":3,"column":54}},"2":{"start":{"line":3,"column":25},"end":{"line":3,"column":53}},"3":{"start":{"line":5,"column":4},"end":{"line":5,"column":69}}},"fnMap":{"0":{"name":"(anonymous_0)","decl":{"start":{"line":1,"column":17},"end":{"line":1,"column":18}},"loc":{"start":{"line":1,"column":48},"end":{"line":6,"column":1}},"line":1},"1":{"name":"(anonymous_1)","decl":{"start":{"line":3,"column":11},"end":{"line":3,"column":12}},"loc":{"start":{"line":3,"column":25},"end":{"line":3,"column":53}},"line":3}},"branchMap":{"0":{"loc":{"start":{"line":5,"column":11},"end":{"line":5,"column":68}},"type":"binary-expr","locations":[{"start":{"line":5,"column":11},"end":{"line":5,"column":39}},{"start":{"line":5,"column":43},"end":{"line":5,"column":68}}],"line":5}},"s":{"0":1,"1":4,"2":11,"3":4},"f":{"0":4,"1":11},"b":{"0":[4,3]},"_coverageSchema":"43e27e138ebf9cfc5966b082cf9a028302ed4184","hash":"15265d1513f97c8f56dc9670eda63d0c17551254"}
,"/home/marcio.souza/projetos/repeat-please/repeat-please-api/src/utils/ping.js": {"path":"/home/marcio.souza/projetos/repeat-please/repeat-please-api/src/utils/ping.js","statementMap":{"0":{"start":{"line":1,"column":0},"end":{"line":6,"column":4}},"1":{"start":{"line":2,"column":4},"end":{"line":5,"column":7}}},"fnMap":{"0":{"name":"(anonymous_0)","decl":{"start":{"line":1,"column":17},"end":{"line":1,"column":18}},"loc":{"start":{"line":1,"column":40},"end":{"line":6,"column":3}},"line":1}},"branchMap":{},"s":{"0":3,"1":2},"f":{"0":2},"b":{},"_coverageSchema":"43e27e138ebf9cfc5966b082cf9a028302ed4184","hash":"bb80861e55b359f7b50dcee9dd347a0a23128a92"}
}
